<?xml version="1.0" encoding="UTF-8"?>
<!-- Generated by org.testng.reporters.JUnitXMLReporter -->
<testsuite ignored="0" hostname="JacobzPC" failures="0" tests="20" name="Test" time="78.418" errors="0" timestamp="2023-07-07T11:06:11 IST">
  <testcase classname="com.testcase.TestCases" name="verifyNavigation" time="0.533"/>
  <testcase classname="com.testcase.TestCases" name="verifyThePageTitle" time="0.024"/>
  <testcase classname="com.testcase.TestCases" name="verifyLoginPageIsDisplayedCorrectly" time="1.409"/>
  <testcase classname="com.testcase.TestCases" name="LoginWithValidUsernameAndPassword" time="5.533"/>
  <testcase classname="com.testcase.TestCases" name="verifyEmployeeAdd" time="13.09"/>
  <testcase classname="com.testcase.TestCases" name="verifyTheNationalitiesListDisplayed" time="2.904"/>
  <testcase classname="com.testcase.TestCases" name="verifytheLeaveListDisplayed" time="3.214"/>
  <testcase classname="com.testcase.TestCases" name="verifyEmployeeSearchListDisplayed" time="2.831"/>
  <testcase classname="com.testcase.TestCases" name="VerifyTheVacanciesDisplayed" time="2.979"/>
  <testcase classname="com.testcase.TestCases" name="verifyUserInformationDisplayed" time="1.906"/>
  <testcase classname="com.testcase.TestCases" name="verifyEmployeeReportDisplayed" time="3.065"/>
  <testcase classname="com.testcase.TestCases" name="verifySuccessfulLogout" time="6.207"/>
  <testcase classname="com.testcase.TestCases" name="LoginWithInvalidUsernameAndValidPassword" time="1.719"/>
  <testcase classname="com.testcase.TestCases" name="LoginWithValidUsernameAndInvalidPassword" time="1.918"/>
  <testcase classname="com.testcase.TestCases" name="LoginWithInvalidUsernameAndInvalidPassword" time="1.709"/>
  <testcase classname="com.testcase.TestCases" name="LoginWithBlankUsernameAndValidPassword" time="0.493"/>
  <testcase classname="com.testcase.TestCases" name="LoginWithValidUsernameAndBlankPassword" time="1.683"/>
  <testcase classname="com.testcase.TestCases" name="LoginWithBlankUsernameAndBlankPassword" time="0.478"/>
  <testcase classname="com.testcase.TestCases" name="verifyForgotPasswordWithoutUsername" time="1.242"/>
  <testcase classname="com.testcase.TestCases" name="verifyForgotPassword" time="3.595"/>
</testsuite> <!-- Test -->
