<?xml version="1.0" encoding="UTF-8"?>
<!-- Generated by org.testng.reporters.JUnitXMLReporter -->
<testsuite ignored="0" hostname="DESKTOP-2NVDT66" failures="0" tests="21" name="Test" time="199.236" errors="0" timestamp="2023-07-09T12:41:48 IST">
  <testcase classname="com.smoketestcases.AddScreenshotToReport" name="ClickOnForgotPassword" time="11.558"/>
  <testcase classname="com.smoketestcases.AddScreenshotToReport" name="ClickOnCancelPassword" time="5.18"/>
  <testcase classname="com.smoketestcases.AddScreenshotToReport" name="ClickOnReqLogin" time="4.484"/>
  <testcase classname="com.smoketestcases.AddScreenshotToReport" name="ClickOnInvalidLogin" time="7.949"/>
  <testcase classname="com.smoketestcases.AddScreenshotToReport" name="ClickOnLogin" time="11.901"/>
  <testcase classname="com.smoketestcases.AddScreenshotToReport" name="ClickOnSearch" time="5.191"/>
  <testcase classname="com.smoketestcases.AddScreenshotToReport" name="ClickOnSearchUser" time="8.843"/>
  <testcase classname="com.smoketestcases.AddScreenshotToReport" name="ClickOnAdminEdit" time="2.793"/>
  <testcase classname="com.smoketestcases.AddScreenshotToReport" name="ClickOnAdminUserEdit" time="1.277"/>
  <testcase classname="com.smoketestcases.AddScreenshotToReport" name="ClickOnAdminAdd" time="8.846"/>
  <testcase classname="com.smoketestcases.AddScreenshotToReport" name="ClickOnAddUserSave" time="17.729"/>
  <testcase classname="com.smoketestcases.AddScreenshotToReport" name="ClickOnPIM" time="5.614"/>
  <testcase classname="com.smoketestcases.AddScreenshotToReport" name="ClickOnAddEmployee" time="2.463"/>
  <testcase classname="com.smoketestcases.AddScreenshotToReport" name="ClickOnAddEmployeeSave" time="2.792"/>
  <testcase classname="com.smoketestcases.AddScreenshotToReport" name="ClickOnEmployeeReports" time="4.492"/>
  <testcase classname="com.smoketestcases.AddScreenshotToReport" name="ClickOnViewReports" time="2.376"/>
  <testcase classname="com.smoketestcases.AddScreenshotToReport" name="ClickOnLeave" time="5.643"/>
  <testcase classname="com.smoketestcases.AddScreenshotToReport" name="ClickOnTime" time="2.545"/>
  <testcase classname="com.smoketestcases.AddScreenshotToReport" name="ClickOnRecruitment" time="2.434"/>
  <testcase classname="com.smoketestcases.AddScreenshotToReport" name="ClickOnDashboard" time="2.208"/>
  <testcase classname="com.smoketestcases.AddScreenshotToReport" name="ClickOnLogout" time="3.894"/>
</testsuite> <!-- Test -->
