<?xml version="1.0" encoding="UTF-8"?>
<!-- Generated by org.testng.reporters.JUnitXMLReporter -->
<testsuite ignored="0" hostname="LAPTOP-68TH5204" failures="0" tests="7" name="Test" time="90.276" errors="0" timestamp="2023-07-10T17:26:48 IST">
  <testcase classname="com.testcases.AddScreenshotsToReport" name="VerifyTheTextLogin" time="0.847"/>
  <testcase classname="com.testcases.AddScreenshotsToReport" name="VerifyLogin" time="2.228"/>
  <testcase classname="com.testcases.AddScreenshotsToReport" name="AddNewEmp" time="26.001"/>
  <testcase classname="com.testcases.AddScreenshotsToReport" name="SearchEmp" time="11.154"/>
  <testcase classname="com.testcases.AddScreenshotsToReport" name="EditEmp" time="16.149"/>
  <testcase classname="com.testcases.AddScreenshotsToReport" name="deleteEmp" time="14.075"/>
  <testcase classname="com.testcases.AddScreenshotsToReport" name="LogOut" time="5.406"/>
</testsuite> <!-- Test -->
