<?xml version="1.0" encoding="UTF-8"?>
<!-- Generated by org.testng.reporters.JUnitXMLReporter -->
<testsuite ignored="0" hostname="LAPTOP-68TH5204" failures="0" tests="16" name="Test" time="91.539" errors="0" timestamp="2023-07-11T17:14:11 IST">
  <testcase classname="com.testcases.AddScreenshotsToReport" name="VerifyTheTextLogin" time="0.482"/>
  <testcase classname="com.testcases.AddScreenshotsToReport" name="VerifyLogin" time="2.495"/>
  <testcase classname="com.testcases.AddScreenshotsToReport" name="AddFirstName" time="7.145"/>
  <testcase classname="com.testcases.AddScreenshotsToReport" name="AddMiddleName" time="0.178"/>
  <testcase classname="com.testcases.AddScreenshotsToReport" name="AddLastName" time="4.198"/>
  <testcase classname="com.testcases.AddScreenshotsToReport" name="SaveTheDetails" time="4.352"/>
  <testcase classname="com.testcases.AddScreenshotsToReport" name="Clickjob" time="1.665"/>
  <testcase classname="com.testcases.AddScreenshotsToReport" name="Selectjob" time="8.26"/>
  <testcase classname="com.testcases.AddScreenshotsToReport" name="SearchwithEmpName" time="6.782"/>
  <testcase classname="com.testcases.AddScreenshotsToReport" name="clickSearch" time="4.697"/>
  <testcase classname="com.testcases.AddScreenshotsToReport" name="clikEdit" time="6.017"/>
  <testcase classname="com.testcases.AddScreenshotsToReport" name="EditLastName" time="4.191"/>
  <testcase classname="com.testcases.AddScreenshotsToReport" name="SaveEditLastName" time="6.534"/>
  <testcase classname="com.testcases.AddScreenshotsToReport" name="clickdelete" time="8.972"/>
  <testcase classname="com.testcases.AddScreenshotsToReport" name="deleteEmp" time="5.16"/>
  <testcase classname="com.testcases.AddScreenshotsToReport" name="LogOut" time="5.525"/>
</testsuite> <!-- Test -->
