<?xml version="1.0" encoding="UTF-8"?>
<!-- Generated by org.testng.reporters.JUnitXMLReporter -->
<testsuite ignored="0" hostname="LAPTOP-0RSV639U" failures="0" tests="15" name="Test" time="62.196" errors="0" timestamp="2023-07-10T19:05:29 IST">
  <testcase classname="com.testcases.AddScreenshotsToReport" name="ViewLoginButton" time="1.269"/>
  <testcase classname="com.testcases.AddScreenshotsToReport" name="ViewTitle" time="0.127"/>
  <testcase classname="com.testcases.AddScreenshotsToReport" name="ViewUserPW" time="0.29"/>
  <testcase classname="com.testcases.AddScreenshotsToReport" name="ClickOnFPassword" time="2.604"/>
  <testcase classname="com.testcases.AddScreenshotsToReport" name="ClickOnUsername" time="0.121"/>
  <testcase classname="com.testcases.AddScreenshotsToReport" name="ClickOnPassword" time="0.156"/>
  <testcase classname="com.testcases.AddScreenshotsToReport" name="ClickOnLogin" time="2.923"/>
  <testcase classname="com.testcases.AddScreenshotsToReport" name="ViewDashBoard" time="0.154"/>
  <testcase classname="com.testcases.AddScreenshotsToReport" name="ClickOnSearch" time="2.273"/>
  <testcase classname="com.testcases.AddScreenshotsToReport" name="ClickOnFirst" time="5.745"/>
  <testcase classname="com.testcases.AddScreenshotsToReport" name="ClickOnAdd" time="12.124"/>
  <testcase classname="com.testcases.AddScreenshotsToReport" name="ClickOnESearch" time="6.534"/>
  <testcase classname="com.testcases.AddScreenshotsToReport" name="ClickOnTime" time="4.456"/>
  <testcase classname="com.testcases.AddScreenshotsToReport" name="ClickOnImage" time="1.144"/>
  <testcase classname="com.testcases.AddScreenshotsToReport" name="ClickOnLogout" time="1.823"/>
</testsuite> <!-- Test -->
