<?xml version="1.0" encoding="UTF-8"?>
<!-- Generated by org.testng.reporters.JUnitXMLReporter -->
<testsuite ignored="0" hostname="LAPTOP-0RSV639U" failures="0" tests="4" name="Test" time="12.73" errors="0" timestamp="2023-07-10T13:36:41 IST">
  <testcase classname="com.testcases.AddScreenshotsToReport" name="@AfterMethod tearDown" time="0.004">
    <failure type="java.lang.Error" message="Unresolved compilation problems: 
	The method getScreenshot(WebDriver, String) is undefined for the type Utilities
	The method getScreenshot(WebDriver, String) is undefined for the type Utilities
">
      <![CDATA[java.lang.Error: Unresolved compilation problems: 
The method getScreenshot(WebDriver, String) is undefined for the type Utilities
The method getScreenshot(WebDriver, String) is undefined for the type Utilities

at com.testcases.AddScreenshotsToReport.tearDown(AddScreenshotsToReport.java:208)
at java.base/java.util.ArrayList.forEach(ArrayList.java:1511)
... Removed 30 stack frames]]>
    </failure>
  </testcase> <!-- @AfterMethod tearDown -->
  <testcase classname="com.testcases.AddScreenshotsToReport" name="@AfterMethod tearDown" time="-1.688976401375E9">
    <skipped/>
  </testcase> <!-- @AfterMethod tearDown -->
  <testcase classname="com.testcases.AddScreenshotsToReport" name="@AfterMethod tearDown" time="-1.688976401388E9">
    <skipped/>
  </testcase> <!-- @AfterMethod tearDown -->
  <testcase classname="com.testcases.AddScreenshotsToReport" name="@AfterMethod tearDown" time="-1.688976401396E9">
    <skipped/>
  </testcase> <!-- @AfterMethod tearDown -->
  <testcase classname="com.testcases.AddScreenshotsToReport" name="@AfterTest endReport" time="-1.688976401396E9">
    <skipped/>
  </testcase> <!-- @AfterTest endReport -->
  <testcase classname="com.testcases.AddScreenshotsToReport" name="ViewLoginButton" time="0.859"/>
  <testcase classname="com.testcases.AddScreenshotsToReport" name="ViewTitle" time="0.0">
    <skipped/>
  </testcase> <!-- ViewTitle -->
  <testcase classname="com.testcases.AddScreenshotsToReport" name="ViewUserPW" time="0.0">
    <skipped/>
  </testcase> <!-- ViewUserPW -->
  <testcase classname="com.testcases.AddScreenshotsToReport" name="ClickOnFPassword" time="0.0">
    <skipped/>
  </testcase> <!-- ClickOnFPassword -->
</testsuite> <!-- Test -->
