<?xml version="1.0" encoding="UTF-8"?>
<testng-results ignored="0" total="20" passed="20" failed="0" skipped="0">
  <reporter-output>
  </reporter-output>
  <suite started-at="2023-07-07T11:04:53 IST" name="Suite" finished-at="2023-07-07T11:06:11 IST" duration-ms="78418">
    <groups>
    </groups>
    <test started-at="2023-07-07T11:04:53 IST" name="Test" finished-at="2023-07-07T11:06:11 IST" duration-ms="78418">
      <class name="com.testcase.TestCases">
        <test-method is-config="true" signature="setExtent()[pri:0, instance:com.testcase.TestCases@5c5eefef]" started-at="2023-07-07T11:04:53 IST" name="setExtent" finished-at="2023-07-07T11:04:53 IST" duration-ms="175" status="PASS">
          <reporter-output>
          </reporter-output>
        </test-method> <!-- setExtent -->
        <test-method is-config="true" signature="setUp()[pri:0, instance:com.testcase.TestCases@5c5eefef]" started-at="2023-07-07T11:04:53 IST" name="setUp" finished-at="2023-07-07T11:05:09 IST" duration-ms="15917" status="PASS">
          <reporter-output>
          </reporter-output>
        </test-method> <!-- setUp -->
        <test-method signature="verifyNavigation()[pri:1, instance:com.testcase.TestCases@5c5eefef]" started-at="2023-07-07T11:05:09 IST" name="verifyNavigation" finished-at="2023-07-07T11:05:09 IST" duration-ms="533" status="PASS">
          <reporter-output>
          </reporter-output>
        </test-method> <!-- verifyNavigation -->
        <test-method is-config="true" signature="tearDown(org.testng.ITestResult)[pri:0, instance:com.testcase.TestCases@5c5eefef]" started-at="2023-07-07T11:05:09 IST" name="tearDown" finished-at="2023-07-07T11:05:10 IST" duration-ms="186" status="PASS">
          <params>
            <param index="0">
              <value>
                <![CDATA[[TestResult name=verifyNavigation status=SUCCESS method=TestCases.verifyNavigation()[pri:1, instance:com.testcase.TestCases@5c5eefef] output={null}]]]>
              </value>
            </param>
          </params>
          <reporter-output>
          </reporter-output>
        </test-method> <!-- tearDown -->
        <test-method signature="verifyThePageTitle()[pri:2, instance:com.testcase.TestCases@5c5eefef]" started-at="2023-07-07T11:05:10 IST" name="verifyThePageTitle" finished-at="2023-07-07T11:05:10 IST" duration-ms="24" status="PASS">
          <reporter-output>
          </reporter-output>
        </test-method> <!-- verifyThePageTitle -->
        <test-method is-config="true" signature="tearDown(org.testng.ITestResult)[pri:0, instance:com.testcase.TestCases@5c5eefef]" started-at="2023-07-07T11:05:10 IST" name="tearDown" finished-at="2023-07-07T11:05:10 IST" duration-ms="138" status="PASS">
          <params>
            <param index="0">
              <value>
                <![CDATA[[TestResult name=verifyThePageTitle status=SUCCESS method=TestCases.verifyThePageTitle()[pri:2, instance:com.testcase.TestCases@5c5eefef] output={null}]]]>
              </value>
            </param>
          </params>
          <reporter-output>
          </reporter-output>
        </test-method> <!-- tearDown -->
        <test-method signature="verifyLoginPageIsDisplayedCorrectly()[pri:3, instance:com.testcase.TestCases@5c5eefef]" started-at="2023-07-07T11:05:10 IST" name="verifyLoginPageIsDisplayedCorrectly" finished-at="2023-07-07T11:05:11 IST" duration-ms="1409" status="PASS">
          <reporter-output>
          </reporter-output>
        </test-method> <!-- verifyLoginPageIsDisplayedCorrectly -->
        <test-method is-config="true" signature="tearDown(org.testng.ITestResult)[pri:0, instance:com.testcase.TestCases@5c5eefef]" started-at="2023-07-07T11:05:11 IST" name="tearDown" finished-at="2023-07-07T11:05:11 IST" duration-ms="155" status="PASS">
          <params>
            <param index="0">
              <value>
                <![CDATA[[TestResult name=verifyLoginPageIsDisplayedCorrectly status=SUCCESS method=TestCases.verifyLoginPageIsDisplayedCorrectly()[pri:3, instance:com.testcase.TestCases@5c5eefef] output={null}]]]>
              </value>
            </param>
          </params>
          <reporter-output>
          </reporter-output>
        </test-method> <!-- tearDown -->
        <test-method signature="LoginWithValidUsernameAndPassword()[pri:4, instance:com.testcase.TestCases@5c5eefef]" started-at="2023-07-07T11:05:11 IST" name="LoginWithValidUsernameAndPassword" finished-at="2023-07-07T11:05:17 IST" duration-ms="5533" status="PASS">
          <reporter-output>
          </reporter-output>
        </test-method> <!-- LoginWithValidUsernameAndPassword -->
        <test-method is-config="true" signature="tearDown(org.testng.ITestResult)[pri:0, instance:com.testcase.TestCases@5c5eefef]" started-at="2023-07-07T11:05:17 IST" name="tearDown" finished-at="2023-07-07T11:05:18 IST" duration-ms="1399" status="PASS">
          <params>
            <param index="0">
              <value>
                <![CDATA[[TestResult name=LoginWithValidUsernameAndPassword status=SUCCESS method=TestCases.LoginWithValidUsernameAndPassword()[pri:4, instance:com.testcase.TestCases@5c5eefef] output={null}]]]>
              </value>
            </param>
          </params>
          <reporter-output>
          </reporter-output>
        </test-method> <!-- tearDown -->
        <test-method signature="verifyEmployeeAdd()[pri:5, instance:com.testcase.TestCases@5c5eefef]" started-at="2023-07-07T11:05:18 IST" name="verifyEmployeeAdd" finished-at="2023-07-07T11:05:31 IST" duration-ms="13090" status="PASS">
          <reporter-output>
          </reporter-output>
        </test-method> <!-- verifyEmployeeAdd -->
        <test-method is-config="true" signature="tearDown(org.testng.ITestResult)[pri:0, instance:com.testcase.TestCases@5c5eefef]" started-at="2023-07-07T11:05:31 IST" name="tearDown" finished-at="2023-07-07T11:05:32 IST" duration-ms="243" status="PASS">
          <params>
            <param index="0">
              <value>
                <![CDATA[[TestResult name=verifyEmployeeAdd status=SUCCESS method=TestCases.verifyEmployeeAdd()[pri:5, instance:com.testcase.TestCases@5c5eefef] output={null}]]]>
              </value>
            </param>
          </params>
          <reporter-output>
          </reporter-output>
        </test-method> <!-- tearDown -->
        <test-method signature="verifyTheNationalitiesListDisplayed()[pri:6, instance:com.testcase.TestCases@5c5eefef]" started-at="2023-07-07T11:05:32 IST" name="verifyTheNationalitiesListDisplayed" finished-at="2023-07-07T11:05:34 IST" duration-ms="2904" status="PASS">
          <reporter-output>
          </reporter-output>
        </test-method> <!-- verifyTheNationalitiesListDisplayed -->
        <test-method is-config="true" signature="tearDown(org.testng.ITestResult)[pri:0, instance:com.testcase.TestCases@5c5eefef]" started-at="2023-07-07T11:05:34 IST" name="tearDown" finished-at="2023-07-07T11:05:35 IST" duration-ms="233" status="PASS">
          <params>
            <param index="0">
              <value>
                <![CDATA[[TestResult name=verifyTheNationalitiesListDisplayed status=SUCCESS method=TestCases.verifyTheNationalitiesListDisplayed()[pri:6, instance:com.testcase.TestCases@5c5eefef] output={null}]]]>
              </value>
            </param>
          </params>
          <reporter-output>
          </reporter-output>
        </test-method> <!-- tearDown -->
        <test-method signature="verifytheLeaveListDisplayed()[pri:7, instance:com.testcase.TestCases@5c5eefef]" started-at="2023-07-07T11:05:35 IST" name="verifytheLeaveListDisplayed" finished-at="2023-07-07T11:05:38 IST" duration-ms="3214" status="PASS">
          <reporter-output>
          </reporter-output>
        </test-method> <!-- verifytheLeaveListDisplayed -->
        <test-method is-config="true" signature="tearDown(org.testng.ITestResult)[pri:0, instance:com.testcase.TestCases@5c5eefef]" started-at="2023-07-07T11:05:38 IST" name="tearDown" finished-at="2023-07-07T11:05:38 IST" duration-ms="183" status="PASS">
          <params>
            <param index="0">
              <value>
                <![CDATA[[TestResult name=verifytheLeaveListDisplayed status=SUCCESS method=TestCases.verifytheLeaveListDisplayed()[pri:7, instance:com.testcase.TestCases@5c5eefef] output={null}]]]>
              </value>
            </param>
          </params>
          <reporter-output>
          </reporter-output>
        </test-method> <!-- tearDown -->
        <test-method signature="verifyEmployeeSearchListDisplayed()[pri:8, instance:com.testcase.TestCases@5c5eefef]" started-at="2023-07-07T11:05:38 IST" name="verifyEmployeeSearchListDisplayed" finished-at="2023-07-07T11:05:41 IST" duration-ms="2831" status="PASS">
          <reporter-output>
          </reporter-output>
        </test-method> <!-- verifyEmployeeSearchListDisplayed -->
        <test-method is-config="true" signature="tearDown(org.testng.ITestResult)[pri:0, instance:com.testcase.TestCases@5c5eefef]" started-at="2023-07-07T11:05:41 IST" name="tearDown" finished-at="2023-07-07T11:05:41 IST" duration-ms="181" status="PASS">
          <params>
            <param index="0">
              <value>
                <![CDATA[[TestResult name=verifyEmployeeSearchListDisplayed status=SUCCESS method=TestCases.verifyEmployeeSearchListDisplayed()[pri:8, instance:com.testcase.TestCases@5c5eefef] output={null}]]]>
              </value>
            </param>
          </params>
          <reporter-output>
          </reporter-output>
        </test-method> <!-- tearDown -->
        <test-method signature="VerifyTheVacanciesDisplayed()[pri:9, instance:com.testcase.TestCases@5c5eefef]" started-at="2023-07-07T11:05:41 IST" name="VerifyTheVacanciesDisplayed" finished-at="2023-07-07T11:05:44 IST" duration-ms="2979" status="PASS">
          <reporter-output>
          </reporter-output>
        </test-method> <!-- VerifyTheVacanciesDisplayed -->
        <test-method is-config="true" signature="tearDown(org.testng.ITestResult)[pri:0, instance:com.testcase.TestCases@5c5eefef]" started-at="2023-07-07T11:05:44 IST" name="tearDown" finished-at="2023-07-07T11:05:44 IST" duration-ms="204" status="PASS">
          <params>
            <param index="0">
              <value>
                <![CDATA[[TestResult name=VerifyTheVacanciesDisplayed status=SUCCESS method=TestCases.VerifyTheVacanciesDisplayed()[pri:9, instance:com.testcase.TestCases@5c5eefef] output={null}]]]>
              </value>
            </param>
          </params>
          <reporter-output>
          </reporter-output>
        </test-method> <!-- tearDown -->
        <test-method signature="verifyUserInformationDisplayed()[pri:10, instance:com.testcase.TestCases@5c5eefef]" started-at="2023-07-07T11:05:44 IST" name="verifyUserInformationDisplayed" finished-at="2023-07-07T11:05:46 IST" duration-ms="1906" status="PASS">
          <reporter-output>
          </reporter-output>
        </test-method> <!-- verifyUserInformationDisplayed -->
        <test-method is-config="true" signature="tearDown(org.testng.ITestResult)[pri:0, instance:com.testcase.TestCases@5c5eefef]" started-at="2023-07-07T11:05:46 IST" name="tearDown" finished-at="2023-07-07T11:05:46 IST" duration-ms="259" status="PASS">
          <params>
            <param index="0">
              <value>
                <![CDATA[[TestResult name=verifyUserInformationDisplayed status=SUCCESS method=TestCases.verifyUserInformationDisplayed()[pri:10, instance:com.testcase.TestCases@5c5eefef] output={null}]]]>
              </value>
            </param>
          </params>
          <reporter-output>
          </reporter-output>
        </test-method> <!-- tearDown -->
        <test-method signature="verifyEmployeeReportDisplayed()[pri:11, instance:com.testcase.TestCases@5c5eefef]" started-at="2023-07-07T11:05:46 IST" name="verifyEmployeeReportDisplayed" finished-at="2023-07-07T11:05:50 IST" duration-ms="3065" status="PASS">
          <reporter-output>
          </reporter-output>
        </test-method> <!-- verifyEmployeeReportDisplayed -->
        <test-method is-config="true" signature="tearDown(org.testng.ITestResult)[pri:0, instance:com.testcase.TestCases@5c5eefef]" started-at="2023-07-07T11:05:50 IST" name="tearDown" finished-at="2023-07-07T11:05:50 IST" duration-ms="207" status="PASS">
          <params>
            <param index="0">
              <value>
                <![CDATA[[TestResult name=verifyEmployeeReportDisplayed status=SUCCESS method=TestCases.verifyEmployeeReportDisplayed()[pri:11, instance:com.testcase.TestCases@5c5eefef] output={null}]]]>
              </value>
            </param>
          </params>
          <reporter-output>
          </reporter-output>
        </test-method> <!-- tearDown -->
        <test-method signature="verifySuccessfulLogout()[pri:12, instance:com.testcase.TestCases@5c5eefef]" started-at="2023-07-07T11:05:50 IST" name="verifySuccessfulLogout" finished-at="2023-07-07T11:05:56 IST" duration-ms="6207" status="PASS">
          <reporter-output>
          </reporter-output>
        </test-method> <!-- verifySuccessfulLogout -->
        <test-method is-config="true" signature="tearDown(org.testng.ITestResult)[pri:0, instance:com.testcase.TestCases@5c5eefef]" started-at="2023-07-07T11:05:56 IST" name="tearDown" finished-at="2023-07-07T11:05:56 IST" duration-ms="148" status="PASS">
          <params>
            <param index="0">
              <value>
                <![CDATA[[TestResult name=verifySuccessfulLogout status=SUCCESS method=TestCases.verifySuccessfulLogout()[pri:12, instance:com.testcase.TestCases@5c5eefef] output={null}]]]>
              </value>
            </param>
          </params>
          <reporter-output>
          </reporter-output>
        </test-method> <!-- tearDown -->
        <test-method signature="LoginWithInvalidUsernameAndValidPassword()[pri:13, instance:com.testcase.TestCases@5c5eefef]" started-at="2023-07-07T11:05:56 IST" name="LoginWithInvalidUsernameAndValidPassword" finished-at="2023-07-07T11:05:58 IST" duration-ms="1719" status="PASS">
          <reporter-output>
          </reporter-output>
        </test-method> <!-- LoginWithInvalidUsernameAndValidPassword -->
        <test-method is-config="true" signature="tearDown(org.testng.ITestResult)[pri:0, instance:com.testcase.TestCases@5c5eefef]" started-at="2023-07-07T11:05:58 IST" name="tearDown" finished-at="2023-07-07T11:05:58 IST" duration-ms="160" status="PASS">
          <params>
            <param index="0">
              <value>
                <![CDATA[[TestResult name=LoginWithInvalidUsernameAndValidPassword status=SUCCESS method=TestCases.LoginWithInvalidUsernameAndValidPassword()[pri:13, instance:com.testcase.TestCases@5c5eefef] output={null}]]]>
              </value>
            </param>
          </params>
          <reporter-output>
          </reporter-output>
        </test-method> <!-- tearDown -->
        <test-method signature="LoginWithValidUsernameAndInvalidPassword()[pri:14, instance:com.testcase.TestCases@5c5eefef]" started-at="2023-07-07T11:05:58 IST" name="LoginWithValidUsernameAndInvalidPassword" finished-at="2023-07-07T11:06:00 IST" duration-ms="1918" status="PASS">
          <reporter-output>
          </reporter-output>
        </test-method> <!-- LoginWithValidUsernameAndInvalidPassword -->
        <test-method is-config="true" signature="tearDown(org.testng.ITestResult)[pri:0, instance:com.testcase.TestCases@5c5eefef]" started-at="2023-07-07T11:06:00 IST" name="tearDown" finished-at="2023-07-07T11:06:00 IST" duration-ms="152" status="PASS">
          <params>
            <param index="0">
              <value>
                <![CDATA[[TestResult name=LoginWithValidUsernameAndInvalidPassword status=SUCCESS method=TestCases.LoginWithValidUsernameAndInvalidPassword()[pri:14, instance:com.testcase.TestCases@5c5eefef] output={null}]]]>
              </value>
            </param>
          </params>
          <reporter-output>
          </reporter-output>
        </test-method> <!-- tearDown -->
        <test-method signature="LoginWithInvalidUsernameAndInvalidPassword()[pri:15, instance:com.testcase.TestCases@5c5eefef]" started-at="2023-07-07T11:06:00 IST" name="LoginWithInvalidUsernameAndInvalidPassword" finished-at="2023-07-07T11:06:02 IST" duration-ms="1709" status="PASS">
          <reporter-output>
          </reporter-output>
        </test-method> <!-- LoginWithInvalidUsernameAndInvalidPassword -->
        <test-method is-config="true" signature="tearDown(org.testng.ITestResult)[pri:0, instance:com.testcase.TestCases@5c5eefef]" started-at="2023-07-07T11:06:02 IST" name="tearDown" finished-at="2023-07-07T11:06:02 IST" duration-ms="152" status="PASS">
          <params>
            <param index="0">
              <value>
                <![CDATA[[TestResult name=LoginWithInvalidUsernameAndInvalidPassword status=SUCCESS method=TestCases.LoginWithInvalidUsernameAndInvalidPassword()[pri:15, instance:com.testcase.TestCases@5c5eefef] output={null}]]]>
              </value>
            </param>
          </params>
          <reporter-output>
          </reporter-output>
        </test-method> <!-- tearDown -->
        <test-method signature="LoginWithBlankUsernameAndValidPassword()[pri:16, instance:com.testcase.TestCases@5c5eefef]" started-at="2023-07-07T11:06:02 IST" name="LoginWithBlankUsernameAndValidPassword" finished-at="2023-07-07T11:06:02 IST" duration-ms="493" status="PASS">
          <reporter-output>
          </reporter-output>
        </test-method> <!-- LoginWithBlankUsernameAndValidPassword -->
        <test-method is-config="true" signature="tearDown(org.testng.ITestResult)[pri:0, instance:com.testcase.TestCases@5c5eefef]" started-at="2023-07-07T11:06:02 IST" name="tearDown" finished-at="2023-07-07T11:06:03 IST" duration-ms="190" status="PASS">
          <params>
            <param index="0">
              <value>
                <![CDATA[[TestResult name=LoginWithBlankUsernameAndValidPassword status=SUCCESS method=TestCases.LoginWithBlankUsernameAndValidPassword()[pri:16, instance:com.testcase.TestCases@5c5eefef] output={null}]]]>
              </value>
            </param>
          </params>
          <reporter-output>
          </reporter-output>
        </test-method> <!-- tearDown -->
        <test-method signature="LoginWithValidUsernameAndBlankPassword()[pri:17, instance:com.testcase.TestCases@5c5eefef]" started-at="2023-07-07T11:06:03 IST" name="LoginWithValidUsernameAndBlankPassword" finished-at="2023-07-07T11:06:04 IST" duration-ms="1683" status="PASS">
          <reporter-output>
          </reporter-output>
        </test-method> <!-- LoginWithValidUsernameAndBlankPassword -->
        <test-method is-config="true" signature="tearDown(org.testng.ITestResult)[pri:0, instance:com.testcase.TestCases@5c5eefef]" started-at="2023-07-07T11:06:04 IST" name="tearDown" finished-at="2023-07-07T11:06:04 IST" duration-ms="176" status="PASS">
          <params>
            <param index="0">
              <value>
                <![CDATA[[TestResult name=LoginWithValidUsernameAndBlankPassword status=SUCCESS method=TestCases.LoginWithValidUsernameAndBlankPassword()[pri:17, instance:com.testcase.TestCases@5c5eefef] output={null}]]]>
              </value>
            </param>
          </params>
          <reporter-output>
          </reporter-output>
        </test-method> <!-- tearDown -->
        <test-method signature="LoginWithBlankUsernameAndBlankPassword()[pri:18, instance:com.testcase.TestCases@5c5eefef]" started-at="2023-07-07T11:06:04 IST" name="LoginWithBlankUsernameAndBlankPassword" finished-at="2023-07-07T11:06:05 IST" duration-ms="478" status="PASS">
          <reporter-output>
          </reporter-output>
        </test-method> <!-- LoginWithBlankUsernameAndBlankPassword -->
        <test-method is-config="true" signature="tearDown(org.testng.ITestResult)[pri:0, instance:com.testcase.TestCases@5c5eefef]" started-at="2023-07-07T11:06:05 IST" name="tearDown" finished-at="2023-07-07T11:06:05 IST" duration-ms="166" status="PASS">
          <params>
            <param index="0">
              <value>
                <![CDATA[[TestResult name=LoginWithBlankUsernameAndBlankPassword status=SUCCESS method=TestCases.LoginWithBlankUsernameAndBlankPassword()[pri:18, instance:com.testcase.TestCases@5c5eefef] output={null}]]]>
              </value>
            </param>
          </params>
          <reporter-output>
          </reporter-output>
        </test-method> <!-- tearDown -->
        <test-method signature="verifyForgotPasswordWithoutUsername()[pri:19, instance:com.testcase.TestCases@5c5eefef]" started-at="2023-07-07T11:06:05 IST" name="verifyForgotPasswordWithoutUsername" finished-at="2023-07-07T11:06:06 IST" duration-ms="1242" status="PASS">
          <reporter-output>
          </reporter-output>
        </test-method> <!-- verifyForgotPasswordWithoutUsername -->
        <test-method is-config="true" signature="tearDown(org.testng.ITestResult)[pri:0, instance:com.testcase.TestCases@5c5eefef]" started-at="2023-07-07T11:06:06 IST" name="tearDown" finished-at="2023-07-07T11:06:07 IST" duration-ms="174" status="PASS">
          <params>
            <param index="0">
              <value>
                <![CDATA[[TestResult name=verifyForgotPasswordWithoutUsername status=SUCCESS method=TestCases.verifyForgotPasswordWithoutUsername()[pri:19, instance:com.testcase.TestCases@5c5eefef] output={null}]]]>
              </value>
            </param>
          </params>
          <reporter-output>
          </reporter-output>
        </test-method> <!-- tearDown -->
        <test-method signature="verifyForgotPassword()[pri:20, instance:com.testcase.TestCases@5c5eefef]" started-at="2023-07-07T11:06:07 IST" name="verifyForgotPassword" finished-at="2023-07-07T11:06:10 IST" duration-ms="3595" status="PASS">
          <reporter-output>
          </reporter-output>
        </test-method> <!-- verifyForgotPassword -->
        <test-method is-config="true" signature="tearDown(org.testng.ITestResult)[pri:0, instance:com.testcase.TestCases@5c5eefef]" started-at="2023-07-07T11:06:10 IST" name="tearDown" finished-at="2023-07-07T11:06:10 IST" duration-ms="133" status="PASS">
          <params>
            <param index="0">
              <value>
                <![CDATA[[TestResult name=verifyForgotPassword status=SUCCESS method=TestCases.verifyForgotPassword()[pri:20, instance:com.testcase.TestCases@5c5eefef] output={null}]]]>
              </value>
            </param>
          </params>
          <reporter-output>
          </reporter-output>
        </test-method> <!-- tearDown -->
        <test-method is-config="true" signature="endReport()[pri:0, instance:com.testcase.TestCases@5c5eefef]" started-at="2023-07-07T11:06:10 IST" name="endReport" finished-at="2023-07-07T11:06:11 IST" duration-ms="873" status="PASS">
          <reporter-output>
          </reporter-output>
        </test-method> <!-- endReport -->
      </class> <!-- com.testcase.TestCases -->
    </test> <!-- Test -->
  </suite> <!-- Suite -->
</testng-results>
