<?xml version="1.0" encoding="UTF-8"?>
<!-- Generated by org.testng.reporters.JUnitXMLReporter -->
<testsuite ignored="19" hostname="DESKTOP-G99B664" failures="0" tests="1" name="Default test" time="42.578" errors="0" timestamp="2023-07-07T17:42:13 IST">
  <testcase classname="com.testcases.TestCases" name="addEmployee" time="17.537"/>
  <testcase classname="com.testcases.TestCases" name="addLeaveEntitlement" time="0.0">
    <ignored/>
  </testcase> <!-- addLeaveEntitlement -->
  <testcase classname="com.testcases.TestCases" name="searchUser" time="0.0">
    <ignored/>
  </testcase> <!-- searchUser -->
  <testcase classname="com.testcases.TestCases" name="addJobCategories" time="0.0">
    <ignored/>
  </testcase> <!-- addJobCategories -->
  <testcase classname="com.testcases.TestCases" name="addUserInAdmin" time="0.0">
    <ignored/>
  </testcase> <!-- addUserInAdmin -->
  <testcase classname="com.testcases.TestCases" name="addJobTitle" time="0.0">
    <ignored/>
  </testcase> <!-- addJobTitle -->
  <testcase classname="com.testcases.TestCases" name="searchWithEmployeeID" time="0.0">
    <ignored/>
  </testcase> <!-- searchWithEmployeeID -->
  <testcase classname="com.testcases.TestCases" name="loginWithValidUsernameAndPassword" time="0.0">
    <ignored/>
  </testcase> <!-- loginWithValidUsernameAndPassword -->
  <testcase classname="com.testcases.TestCases" name="clickOnLeaveLink" time="0.0">
    <ignored/>
  </testcase> <!-- clickOnLeaveLink -->
  <testcase classname="com.testcases.TestCases" name="clickOnAdminLink" time="0.0">
    <ignored/>
  </testcase> <!-- clickOnAdminLink -->
  <testcase classname="com.testcases.TestCases" name="loginWithInvalidUsername" time="0.0">
    <ignored/>
  </testcase> <!-- loginWithInvalidUsername -->
  <testcase classname="com.testcases.TestCases" name="loginWithBlankUserName" time="0.0">
    <ignored/>
  </testcase> <!-- loginWithBlankUserName -->
  <testcase classname="com.testcases.TestCases" name="searchWithEmployeeName" time="0.0">
    <ignored/>
  </testcase> <!-- searchWithEmployeeName -->
  <testcase classname="com.testcases.TestCases" name="loginWithInvalidPassword" time="0.0">
    <ignored/>
  </testcase> <!-- loginWithInvalidPassword -->
  <testcase classname="com.testcases.TestCases" name="clickOnTimeLink" time="0.0">
    <ignored/>
  </testcase> <!-- clickOnTimeLink -->
  <testcase classname="com.testcases.TestCases" name="addCandidateForRecruitment" time="0.0">
    <ignored/>
  </testcase> <!-- addCandidateForRecruitment -->
  <testcase classname="com.testcases.TestCases" name="addSkillQualification" time="0.0">
    <ignored/>
  </testcase> <!-- addSkillQualification -->
  <testcase classname="com.testcases.TestCases" name="clickOnPIMLink" time="0.0">
    <ignored/>
  </testcase> <!-- clickOnPIMLink -->
  <testcase classname="com.testcases.TestCases" name="loginWithBlankPassword" time="0.0">
    <ignored/>
  </testcase> <!-- loginWithBlankPassword -->
  <testcase classname="com.testcases.TestCases" name="searchAndSelectFromMainMenu" time="0.0">
    <ignored/>
  </testcase> <!-- searchAndSelectFromMainMenu -->
</testsuite> <!-- Default test -->
