<?xml version="1.0" encoding="UTF-8"?>
<testng-results ignored="0" total="7" passed="7" failed="0" skipped="0">
  <reporter-output>
  </reporter-output>
  <suite started-at="2023-07-10T17:25:18 IST" name="Suite" finished-at="2023-07-10T17:26:48 IST" duration-ms="90276">
    <groups>
    </groups>
    <test started-at="2023-07-10T17:25:18 IST" name="Test" finished-at="2023-07-10T17:26:48 IST" duration-ms="90276">
      <class name="com.testcases.AddScreenshotsToReport">
        <test-method is-config="true" signature="setExtent()[pri:0, instance:com.testcases.AddScreenshotsToReport@71ba6d4e]" started-at="2023-07-10T17:25:18 IST" name="setExtent" finished-at="2023-07-10T17:25:18 IST" duration-ms="298" status="PASS">
          <reporter-output>
          </reporter-output>
        </test-method> <!-- setExtent -->
        <test-method is-config="true" signature="setUp()[pri:0, instance:com.testcases.AddScreenshotsToReport@71ba6d4e]" started-at="2023-07-10T17:25:18 IST" name="setUp" finished-at="2023-07-10T17:25:28 IST" duration-ms="9797" status="PASS">
          <reporter-output>
          </reporter-output>
        </test-method> <!-- setUp -->
        <test-method signature="VerifyTheTextLogin()[pri:1, instance:com.testcases.AddScreenshotsToReport@71ba6d4e]" started-at="2023-07-10T17:25:28 IST" name="VerifyTheTextLogin" finished-at="2023-07-10T17:25:29 IST" duration-ms="847" status="PASS">
          <reporter-output>
          </reporter-output>
        </test-method> <!-- VerifyTheTextLogin -->
        <test-method is-config="true" signature="tearDown(org.testng.ITestResult)[pri:0, instance:com.testcases.AddScreenshotsToReport@71ba6d4e]" started-at="2023-07-10T17:25:29 IST" name="tearDown" finished-at="2023-07-10T17:25:30 IST" duration-ms="767" status="PASS">
          <params>
            <param index="0">
              <value>
                <![CDATA[[TestResult name=VerifyTheTextLogin status=SUCCESS method=AddScreenshotsToReport.VerifyTheTextLogin()[pri:1, instance:com.testcases.AddScreenshotsToReport@71ba6d4e] output={null}]]]>
              </value>
            </param>
          </params>
          <reporter-output>
          </reporter-output>
        </test-method> <!-- tearDown -->
        <test-method signature="VerifyLogin()[pri:2, instance:com.testcases.AddScreenshotsToReport@71ba6d4e]" started-at="2023-07-10T17:25:30 IST" name="VerifyLogin" finished-at="2023-07-10T17:25:32 IST" duration-ms="2228" status="PASS">
          <reporter-output>
          </reporter-output>
        </test-method> <!-- VerifyLogin -->
        <test-method is-config="true" signature="tearDown(org.testng.ITestResult)[pri:0, instance:com.testcases.AddScreenshotsToReport@71ba6d4e]" started-at="2023-07-10T17:25:32 IST" name="tearDown" finished-at="2023-07-10T17:25:33 IST" duration-ms="615" status="PASS">
          <params>
            <param index="0">
              <value>
                <![CDATA[[TestResult name=VerifyLogin status=SUCCESS method=AddScreenshotsToReport.VerifyLogin()[pri:2, instance:com.testcases.AddScreenshotsToReport@71ba6d4e] output={null}]]]>
              </value>
            </param>
          </params>
          <reporter-output>
          </reporter-output>
        </test-method> <!-- tearDown -->
        <test-method signature="AddNewEmp()[pri:3, instance:com.testcases.AddScreenshotsToReport@71ba6d4e]" started-at="2023-07-10T17:25:33 IST" name="AddNewEmp" finished-at="2023-07-10T17:25:59 IST" duration-ms="26001" status="PASS">
          <reporter-output>
          </reporter-output>
        </test-method> <!-- AddNewEmp -->
        <test-method is-config="true" signature="tearDown(org.testng.ITestResult)[pri:0, instance:com.testcases.AddScreenshotsToReport@71ba6d4e]" started-at="2023-07-10T17:25:59 IST" name="tearDown" finished-at="2023-07-10T17:25:59 IST" duration-ms="309" status="PASS">
          <params>
            <param index="0">
              <value>
                <![CDATA[[TestResult name=AddNewEmp status=SUCCESS method=AddScreenshotsToReport.AddNewEmp()[pri:3, instance:com.testcases.AddScreenshotsToReport@71ba6d4e] output={null}]]]>
              </value>
            </param>
          </params>
          <reporter-output>
          </reporter-output>
        </test-method> <!-- tearDown -->
        <test-method signature="SearchEmp()[pri:4, instance:com.testcases.AddScreenshotsToReport@71ba6d4e]" started-at="2023-07-10T17:25:59 IST" name="SearchEmp" finished-at="2023-07-10T17:26:10 IST" duration-ms="11154" status="PASS">
          <reporter-output>
          </reporter-output>
        </test-method> <!-- SearchEmp -->
        <test-method is-config="true" signature="tearDown(org.testng.ITestResult)[pri:0, instance:com.testcases.AddScreenshotsToReport@71ba6d4e]" started-at="2023-07-10T17:26:10 IST" name="tearDown" finished-at="2023-07-10T17:26:10 IST" duration-ms="284" status="PASS">
          <params>
            <param index="0">
              <value>
                <![CDATA[[TestResult name=SearchEmp status=SUCCESS method=AddScreenshotsToReport.SearchEmp()[pri:4, instance:com.testcases.AddScreenshotsToReport@71ba6d4e] output={null}]]]>
              </value>
            </param>
          </params>
          <reporter-output>
          </reporter-output>
        </test-method> <!-- tearDown -->
        <test-method signature="EditEmp()[pri:5, instance:com.testcases.AddScreenshotsToReport@71ba6d4e]" started-at="2023-07-10T17:26:10 IST" name="EditEmp" finished-at="2023-07-10T17:26:27 IST" duration-ms="16149" status="PASS">
          <reporter-output>
          </reporter-output>
        </test-method> <!-- EditEmp -->
        <test-method is-config="true" signature="tearDown(org.testng.ITestResult)[pri:0, instance:com.testcases.AddScreenshotsToReport@71ba6d4e]" started-at="2023-07-10T17:26:27 IST" name="tearDown" finished-at="2023-07-10T17:26:27 IST" duration-ms="308" status="PASS">
          <params>
            <param index="0">
              <value>
                <![CDATA[[TestResult name=EditEmp status=SUCCESS method=AddScreenshotsToReport.EditEmp()[pri:5, instance:com.testcases.AddScreenshotsToReport@71ba6d4e] output={null}]]]>
              </value>
            </param>
          </params>
          <reporter-output>
          </reporter-output>
        </test-method> <!-- tearDown -->
        <test-method signature="deleteEmp()[pri:6, instance:com.testcases.AddScreenshotsToReport@71ba6d4e]" started-at="2023-07-10T17:26:27 IST" name="deleteEmp" finished-at="2023-07-10T17:26:41 IST" duration-ms="14075" status="PASS">
          <reporter-output>
          </reporter-output>
        </test-method> <!-- deleteEmp -->
        <test-method is-config="true" signature="tearDown(org.testng.ITestResult)[pri:0, instance:com.testcases.AddScreenshotsToReport@71ba6d4e]" started-at="2023-07-10T17:26:41 IST" name="tearDown" finished-at="2023-07-10T17:26:41 IST" duration-ms="304" status="PASS">
          <params>
            <param index="0">
              <value>
                <![CDATA[[TestResult name=deleteEmp status=SUCCESS method=AddScreenshotsToReport.deleteEmp()[pri:6, instance:com.testcases.AddScreenshotsToReport@71ba6d4e] output={null}]]]>
              </value>
            </param>
          </params>
          <reporter-output>
          </reporter-output>
        </test-method> <!-- tearDown -->
        <test-method signature="LogOut()[pri:7, instance:com.testcases.AddScreenshotsToReport@71ba6d4e]" started-at="2023-07-10T17:26:41 IST" name="LogOut" finished-at="2023-07-10T17:26:47 IST" duration-ms="5406" status="PASS">
          <reporter-output>
          </reporter-output>
        </test-method> <!-- LogOut -->
        <test-method is-config="true" signature="tearDown(org.testng.ITestResult)[pri:0, instance:com.testcases.AddScreenshotsToReport@71ba6d4e]" started-at="2023-07-10T17:26:47 IST" name="tearDown" finished-at="2023-07-10T17:26:47 IST" duration-ms="286" status="PASS">
          <params>
            <param index="0">
              <value>
                <![CDATA[[TestResult name=LogOut status=SUCCESS method=AddScreenshotsToReport.LogOut()[pri:7, instance:com.testcases.AddScreenshotsToReport@71ba6d4e] output={null}]]]>
              </value>
            </param>
          </params>
          <reporter-output>
          </reporter-output>
        </test-method> <!-- tearDown -->
        <test-method is-config="true" signature="endReport()[pri:0, instance:com.testcases.AddScreenshotsToReport@71ba6d4e]" started-at="2023-07-10T17:26:47 IST" name="endReport" finished-at="2023-07-10T17:26:48 IST" duration-ms="1361" status="PASS">
          <reporter-output>
          </reporter-output>
        </test-method> <!-- endReport -->
      </class> <!-- com.testcases.AddScreenshotsToReport -->
    </test> <!-- Test -->
  </suite> <!-- Suite -->
</testng-results>
