<?xml version="1.0" encoding="UTF-8"?>
<!-- Generated by org.testng.reporters.JUnitXMLReporter -->
<testsuite ignored="0" hostname="DESKTOP-G99B664" failures="0" tests="20" name="Test" time="178.089" errors="0" timestamp="2023-07-07T17:58:57 IST">
  <testcase classname="com.testcases.TestCases" name="loginWithBlankUserName" time="1.475"/>
  <testcase classname="com.testcases.TestCases" name="loginWithBlankPassword" time="0.392"/>
  <testcase classname="com.testcases.TestCases" name="loginWithInvalidUsername" time="1.92"/>
  <testcase classname="com.testcases.TestCases" name="loginWithInvalidPassword" time="2.763"/>
  <testcase classname="com.testcases.TestCases" name="loginWithValidUsernameAndPassword" time="2.352"/>
  <testcase classname="com.testcases.TestCases" name="clickOnAdminLink" time="1.992"/>
  <testcase classname="com.testcases.TestCases" name="clickOnPIMLink" time="1.919"/>
  <testcase classname="com.testcases.TestCases" name="clickOnLeaveLink" time="1.702"/>
  <testcase classname="com.testcases.TestCases" name="clickOnTimeLink" time="1.943"/>
  <testcase classname="com.testcases.TestCases" name="addEmployee" time="11.97"/>
  <testcase classname="com.testcases.TestCases" name="searchWithEmployeeName" time="7.847"/>
  <testcase classname="com.testcases.TestCases" name="searchWithEmployeeID" time="2.686"/>
  <testcase classname="com.testcases.TestCases" name="addUserInAdmin" time="20.429"/>
  <testcase classname="com.testcases.TestCases" name="searchUser" time="19.067"/>
  <testcase classname="com.testcases.TestCases" name="addJobTitle" time="11.535"/>
  <testcase classname="com.testcases.TestCases" name="addJobCategories" time="11.458"/>
  <testcase classname="com.testcases.TestCases" name="addSkillQualification" time="11.572"/>
  <testcase classname="com.testcases.TestCases" name="addLeaveEntitlement" time="18.517"/>
  <testcase classname="com.testcases.TestCases" name="addCandidateForRecruitment" time="19.403"/>
  <testcase classname="com.testcases.TestCases" name="searchAndSelectFromMainMenu" time="1.924"/>
</testsuite> <!-- Test -->
