<?xml version="1.0" encoding="UTF-8"?>
<!-- Generated by org.testng.reporters.JUnitXMLReporter -->
<testsuite ignored="0" hostname="DESKTOP-2NVDT66" failures="0" tests="21" name="Default test" time="114.658" errors="0" timestamp="2023-07-09T02:06:57 IST">
  <testcase classname="com.smoketestcases.LoginPageTC" name="ClickOnForgotPassword" time="4.136"/>
  <testcase classname="com.smoketestcases.LoginPageTC" name="ClickOnCancelPassword" time="2.097"/>
  <testcase classname="com.smoketestcases.LoginPageTC" name="ClickOnReqLogin" time="0.823"/>
  <testcase classname="com.smoketestcases.LoginPageTC" name="ClickOnInvalidLogin" time="3.016"/>
  <testcase classname="com.smoketestcases.LoginPageTC" name="ClickOnLogin" time="3.428"/>
  <testcase classname="com.smoketestcases.LoginPageTC" name="ClickOnSearch" time="4.374"/>
  <testcase classname="com.smoketestcases.LoginPageTC" name="ClickOnSearchUser" time="5.584"/>
  <testcase classname="com.smoketestcases.LoginPageTC" name="ClickOnAdminEdit" time="1.902"/>
  <testcase classname="com.smoketestcases.LoginPageTC" name="ClickOnAdminUserEdit" time="0.81"/>
  <testcase classname="com.smoketestcases.LoginPageTC" name="ClickOnAdminAdd" time="8.301"/>
  <testcase classname="com.smoketestcases.LoginPageTC" name="ClickOnAddUserSave" time="19.388"/>
  <testcase classname="com.smoketestcases.LoginPageTC" name="ClickOnPIM" time="4.731"/>
  <testcase classname="com.smoketestcases.LoginPageTC" name="ClickOnAddEmployee" time="7.053"/>
  <testcase classname="com.smoketestcases.LoginPageTC" name="ClickOnAddEmployeeSave" time="3.071"/>
  <testcase classname="com.smoketestcases.LoginPageTC" name="ClickOnEmployeeReports" time="2.485"/>
  <testcase classname="com.smoketestcases.LoginPageTC" name="ClickOnViewReports" time="2.078"/>
  <testcase classname="com.smoketestcases.LoginPageTC" name="ClickOnLeave" time="2.963"/>
  <testcase classname="com.smoketestcases.LoginPageTC" name="ClickOnTime" time="2.761"/>
  <testcase classname="com.smoketestcases.LoginPageTC" name="ClickOnRecruitment" time="2.923"/>
  <testcase classname="com.smoketestcases.LoginPageTC" name="ClickOnDashboard" time="3.318"/>
  <testcase classname="com.smoketestcases.LoginPageTC" name="ClickOnLogout" time="3.029"/>
</testsuite> <!-- Default test -->
